#
# There is insufficient memory for the Java Runtime Environment to continue.
# Native memory allocation (malloc) failed to allocate 718352 bytes for Chunk::new
# Possible reasons:
#   The system is out of physical RAM or swap space
#   In 32 bit mode, the process size limit was hit
# Possible solutions:
#   Reduce memory load on the system
#   Increase physical memory or swap space
#   Check if swap backing store is full
#   Use 64 bit Java on a 64 bit OS
#   Decrease Java heap size (-Xmx/-Xms)
#   Decrease number of Java threads
#   Decrease Java thread stack sizes (-Xss)
#   Set larger code cache with -XX:ReservedCodeCacheSize=
# This output file may be truncated or incomplete.
#
#  Out of Memory Error (allocation.cpp:390), pid=4964, tid=0x0000000000002a78
#
# JRE version: Java(TM) SE Runtime Environment (8.0_121-b13) (build 1.8.0_121-b13)
# Java VM: Java HotSpot(TM) 64-Bit Server VM (25.121-b13 mixed mode windows-amd64 compressed oops)
# Failed to write core dump. Minidumps are not enabled by default on client versions of Windows
#

---------------  T H R E A D  ---------------

Current thread (0x0000000017349000):  JavaThread "C2 CompilerThread0" daemon [_thread_in_native, id=10872, stack(0x00000000183a0000,0x00000000184a0000)]

Stack: [0x00000000183a0000,0x00000000184a0000]
[error occurred during error reporting (printing stack bounds), id 0xc0000005]

Native frames: (J=compiled Java code, j=interpreted, Vv=VM code, C=native code)


Current CompileTask:
C2:  14150 5562       4       com.sun.tools.javac.comp.Resolve$AbstractMethodCheck::argumentsAcceptable (288 bytes)


---------------  P R O C E S S  ---------------

Java Threads: ( => current thread )
  0x00000000173a9000 JavaThread "Service Thread" daemon [_thread_blocked, id=9952, stack(0x00000000185a0000,0x00000000186a0000)]
  0x00000000173a4800 JavaThread "C1 CompilerThread1" daemon [_thread_in_vm, id=3672, stack(0x00000000184a0000,0x00000000185a0000)]
=>0x0000000017349000 JavaThread "C2 CompilerThread0" daemon [_thread_in_native, id=10872, stack(0x00000000183a0000,0x00000000184a0000)]
  0x0000000017348000 JavaThread "Attach Listener" daemon [_thread_blocked, id=9028, stack(0x00000000182a0000,0x00000000183a0000)]
  0x0000000017345000 JavaThread "Signal Dispatcher" daemon [_thread_blocked, id=6396, stack(0x00000000181a0000,0x00000000182a0000)]
  0x0000000017338800 JavaThread "Finalizer" daemon [_thread_blocked, id=552, stack(0x0000000017f90000,0x0000000018090000)]
  0x000000000291d800 JavaThread "Reference Handler" daemon [_thread_blocked, id=11728, stack(0x0000000017e90000,0x0000000017f90000)]
  0x00000000025fd800 JavaThread "main" [_thread_in_Java, id=11328, stack(0x0000000002600000,0x0000000002700000)]

Other Threads:
  0x0000000017316800 VMThread [stack: 0x0000000017d90000,0x0000000017e90000] [id=9816]
  0x00000000173ae800 WatcherThread [stack: 0x00000000186a0000,0x00000000187a0000] [id=7856]

VM state:not at safepoint (normal execution)

VM Mutex/Monitor currently owned by a thread: None

Heap:
 PSYoungGen      total 38400K, used 2160K [0x00000000d5580000, 0x00000000d8000000, 0x0000000100000000)
  eden space 33280K, 1% used [0x00000000d5580000,0x00000000d5626100,0x00000000d7600000)
  from space 5120K, 29% used [0x00000000d7b00000,0x00000000d7c75f70,0x00000000d8000000)
  to   space 5120K, 0% used [0x00000000d7600000,0x00000000d7600000,0x00000000d7b00000)
 ParOldGen       total 83456K, used 53235K [0x0000000080000000, 0x0000000085180000, 0x00000000d5580000)
  object space 83456K, 63% used [0x0000000080000000,0x00000000833fced0,0x0000000085180000)
 Metaspace       used 24298K, capacity 24712K, committed 24880K, reserved 1071104K
  class space    used 2705K, capacity 2838K, committed 2864K, reserved 1048576K

Card table byte_map: [0x0000000011d00000,0x0000000012110000] byte_map_base: 0x0000000011900000

Marking Bits: (ParMarkBitMap*) 0x000000005ff2b6d0
 Begin Bits: [0x00000000125c0000, 0x00000000145c0000)
 End Bits:   [0x00000000145c0000, 0x00000000165c0000)

Polling page: 0x0000000002700000

CodeCache: size=245760Kb used=18523Kb max_used=18523Kb free=227236Kb
 bounds [0x0000000002940000, 0x0000000003b70000, 0x0000000011940000]
 total_blobs=5452 nmethods=5046 adapters=317
 compilation: enabled

Compilation events (10 events):
Event: 14.097 Thread 0x00000000173a4800 5585       2       com.sun.tools.javac.comp.Flow$FlowAnalyzer::markDead (1 bytes)
Event: 14.097 Thread 0x00000000173a4800 nmethod 5585 0x0000000003b37d10 code [0x0000000003b37e60, 0x0000000003b37fb0]
Event: 14.099 Thread 0x00000000173a4800 5586       2       com.sun.tools.javac.tree.JCTree$JCPrimitiveTypeTree::getTag (4 bytes)
Event: 14.099 Thread 0x00000000173a4800 nmethod 5586 0x0000000003b38050 code [0x0000000003b381a0, 0x0000000003b382f0]
Event: 14.101 Thread 0x00000000173a4800 5587       2       com.sun.tools.javac.jvm.Gen::unwind (28 bytes)
Event: 14.101 Thread 0x00000000173a4800 nmethod 5587 0x0000000003b38390 code [0x0000000003b38500, 0x0000000003b38708]
Event: 14.101 Thread 0x00000000173a4800 5588       2       com.sun.tools.javac.jvm.Gen::endFinalizerGaps (23 bytes)
Event: 14.101 Thread 0x00000000173a4800 nmethod 5588 0x0000000003b38810 code [0x0000000003b38980, 0x0000000003b38b88]
Event: 14.102 Thread 0x00000000173a4800 5589       2       com.sun.tools.javac.code.Types$DefaultTypeVisitor::visitArrayType (7 bytes)
Event: 14.102 Thread 0x00000000173a4800 nmethod 5589 0x0000000003b38cd0 code [0x0000000003b38e40, 0x0000000003b38fc8]

GC Heap History (10 events):
Event: 9.628 GC heap before
{Heap before GC invocations=8 (full 0):
 PSYoungGen      total 38400K, used 34237K [0x00000000d5580000, 0x00000000d8000000, 0x0000000100000000)
  eden space 33280K, 87% used [0x00000000d5580000,0x00000000d71ef7f0,0x00000000d7600000)
  from space 5120K, 100% used [0x00000000d7600000,0x00000000d7b00000,0x00000000d7b00000)
  to   space 5120K, 0% used [0x00000000d7b00000,0x00000000d7b00000,0x00000000d8000000)
 ParOldGen       total 87552K, used 20909K [0x0000000080000000, 0x0000000085580000, 0x00000000d5580000)
  object space 87552K, 23% used [0x0000000080000000,0x000000008146b4c0,0x0000000085580000)
 Metaspace       used 20864K, capacity 21256K, committed 21296K, reserved 1069056K
  class space    used 2457K, capacity 2582K, committed 2608K, reserved 1048576K
Event: 9.665 GC heap after
Heap after GC invocations=8 (full 0):
 PSYoungGen      total 38400K, used 5115K [0x00000000d5580000, 0x00000000d8000000, 0x0000000100000000)
  eden space 33280K, 0% used [0x00000000d5580000,0x00000000d5580000,0x00000000d7600000)
  from space 5120K, 99% used [0x00000000d7b00000,0x00000000d7ffef88,0x00000000d8000000)
  to   space 5120K, 0% used [0x00000000d7600000,0x00000000d7600000,0x00000000d7b00000)
 ParOldGen       total 87552K, used 22947K [0x0000000080000000, 0x0000000085580000, 0x00000000d5580000)
  object space 87552K, 26% used [0x0000000080000000,0x0000000081668ee8,0x0000000085580000)
 Metaspace       used 20864K, capacity 21256K, committed 21296K, reserved 1069056K
  class space    used 2457K, capacity 2582K, committed 2608K, reserved 1048576K
}
Event: 9.665 GC heap before
{Heap before GC invocations=9 (full 1):
 PSYoungGen      total 38400K, used 5115K [0x00000000d5580000, 0x00000000d8000000, 0x0000000100000000)
  eden space 33280K, 0% used [0x00000000d5580000,0x00000000d5580000,0x00000000d7600000)
  from space 5120K, 99% used [0x00000000d7b00000,0x00000000d7ffef88,0x00000000d8000000)
  to   space 5120K, 0% used [0x00000000d7600000,0x00000000d7600000,0x00000000d7b00000)
 ParOldGen       total 87552K, used 22947K [0x0000000080000000, 0x0000000085580000, 0x00000000d5580000)
  object space 87552K, 26% used [0x0000000080000000,0x0000000081668ee8,0x0000000085580000)
 Metaspace       used 20864K, capacity 21256K, committed 21296K, reserved 1069056K
  class space    used 2457K, capacity 2582K, committed 2608K, reserved 1048576K
Event: 9.963 GC heap after
Heap after GC invocations=9 (full 1):
 PSYoungGen      total 38400K, used 0K [0x00000000d5580000, 0x00000000d8000000, 0x0000000100000000)
  eden space 33280K, 0% used [0x00000000d5580000,0x00000000d5580000,0x00000000d7600000)
  from space 5120K, 0% used [0x00000000d7b00000,0x00000000d7b00000,0x00000000d8000000)
  to   space 5120K, 0% used [0x00000000d7600000,0x00000000d7600000,0x00000000d7b00000)
 ParOldGen       total 83456K, used 24029K [0x0000000080000000, 0x0000000085180000, 0x00000000d5580000)
  object space 83456K, 28% used [0x0000000080000000,0x00000000817775e8,0x0000000085180000)
 Metaspace       used 20864K, capacity 21256K, committed 21296K, reserved 1069056K
  class space    used 2457K, capacity 2582K, committed 2608K, reserved 1048576K
}
Event: 10.940 GC heap before
{Heap before GC invocations=10 (full 1):
 PSYoungGen      total 38400K, used 33280K [0x00000000d5580000, 0x00000000d8000000, 0x0000000100000000)
  eden space 33280K, 100% used [0x00000000d5580000,0x00000000d7600000,0x00000000d7600000)
  from space 5120K, 0% used [0x00000000d7b00000,0x00000000d7b00000,0x00000000d8000000)
  to   space 5120K, 0% used [0x00000000d7600000,0x00000000d7600000,0x00000000d7b00000)
 ParOldGen       total 83456K, used 24029K [0x0000000080000000, 0x0000000085180000, 0x00000000d5580000)
  object space 83456K, 28% used [0x0000000080000000,0x00000000817775e8,0x0000000085180000)
 Metaspace       used 22042K, capacity 22472K, committed 22704K, reserved 1069056K
  class space    used 2557K, capacity 2710K, committed 2736K, reserved 1048576K
Event: 10.954 GC heap after
Heap after GC invocations=10 (full 1):
 PSYoungGen      total 38400K, used 5116K [0x00000000d5580000, 0x00000000d8000000, 0x0000000100000000)
  eden space 33280K, 0% used [0x00000000d5580000,0x00000000d5580000,0x00000000d7600000)
  from space 5120K, 99% used [0x00000000d7600000,0x00000000d7aff0e8,0x00000000d7b00000)
  to   space 5120K, 0% used [0x00000000d7b00000,0x00000000d7b00000,0x00000000d8000000)
 ParOldGen       total 83456K, used 27921K [0x0000000080000000, 0x0000000085180000, 0x00000000d5580000)
  object space 83456K, 33% used [0x0000000080000000,0x0000000081b44610,0x0000000085180000)
 Metaspace       used 22042K, capacity 22472K, committed 22704K, reserved 1069056K
  class space    used 2557K, capacity 2710K, committed 2736K, reserved 1048576K
}
Event: 11.629 GC heap before
{Heap before GC invocations=11 (full 1):
 PSYoungGen      total 38400K, used 38396K [0x00000000d5580000, 0x00000000d8000000, 0x0000000100000000)
  eden space 33280K, 100% used [0x00000000d5580000,0x00000000d7600000,0x00000000d7600000)
  from space 5120K, 99% used [0x00000000d7600000,0x00000000d7aff0e8,0x00000000d7b00000)
  to   space 5120K, 0% used [0x00000000d7b00000,0x00000000d7b00000,0x00000000d8000000)
 ParOldGen       total 83456K, used 27921K [0x0000000080000000, 0x0000000085180000, 0x00000000d5580000)
  object space 83456K, 33% used [0x0000000080000000,0x0000000081b44610,0x0000000085180000)
 Metaspace       used 22334K, capacity 22792K, committed 22960K, reserved 1069056K
  class space    used 2577K, capacity 2710K, committed 2736K, reserved 1048576K
Event: 11.655 GC heap after
Heap after GC invocations=11 (full 1):
 PSYoungGen      total 38400K, used 5111K [0x00000000d5580000, 0x00000000d8000000, 0x0000000100000000)
  eden space 33280K, 0% used [0x00000000d5580000,0x00000000d5580000,0x00000000d7600000)
  from space 5120K, 99% used [0x00000000d7b00000,0x00000000d7ffde18,0x00000000d8000000)
  to   space 5120K, 0% used [0x00000000d7600000,0x00000000d7600000,0x00000000d7b00000)
 ParOldGen       total 83456K, used 42020K [0x0000000080000000, 0x0000000085180000, 0x00000000d5580000)
  object space 83456K, 50% used [0x0000000080000000,0x0000000082909010,0x0000000085180000)
 Metaspace       used 22334K, capacity 22792K, committed 22960K, reserved 1069056K
  class space    used 2577K, capacity 2710K, committed 2736K, reserved 1048576K
}
Event: 12.620 GC heap before
{Heap before GC invocations=12 (full 1):
 PSYoungGen      total 38400K, used 38391K [0x00000000d5580000, 0x00000000d8000000, 0x0000000100000000)
  eden space 33280K, 100% used [0x00000000d5580000,0x00000000d7600000,0x00000000d7600000)
  from space 5120K, 99% used [0x00000000d7b00000,0x00000000d7ffde18,0x00000000d8000000)
  to   space 5120K, 0% used [0x00000000d7600000,0x00000000d7600000,0x00000000d7b00000)
 ParOldGen       total 83456K, used 42020K [0x0000000080000000, 0x0000000085180000, 0x00000000d5580000)
  object space 83456K, 50% used [0x0000000080000000,0x0000000082909010,0x0000000085180000)
 Metaspace       used 22638K, capacity 23048K, committed 23216K, reserved 1069056K
  class space    used 2580K, capacity 2710K, committed 2736K, reserved 1048576K
Event: 12.637 GC heap after
Heap after GC invocations=12 (full 1):
 PSYoungGen      total 38400K, used 5118K [0x00000000d5580000, 0x00000000d8000000, 0x0000000100000000)
  eden space 33280K, 0% used [0x00000000d5580000,0x00000000d5580000,0x00000000d7600000)
  from space 5120K, 99% used [0x00000000d7600000,0x00000000d7affae8,0x00000000d7b00000)
  to   space 5120K, 0% used [0x00000000d7b00000,0x00000000d7b00000,0x00000000d8000000)
 ParOldGen       total 83456K, used 48214K [0x0000000080000000, 0x0000000085180000, 0x00000000d5580000)
  object space 83456K, 57% used [0x0000000080000000,0x0000000082f15b40,0x0000000085180000)
 Metaspace       used 22638K, capacity 23048K, committed 23216K, reserved 1069056K
  class space    used 2580K, capacity 2710K, committed 2736K, reserved 1048576K
}

Deoptimization events (10 events):
Event: 13.781 Thread 0x00000000025fd800 Uncommon trap: reason=predicate action=maybe_recompile pc=0x0000000003a77bd0 method=com.sun.tools.javac.code.Type.containsAny(Lcom/sun/tools/javac/util/List;)Z @ 14
Event: 13.808 Thread 0x00000000025fd800 Uncommon trap: reason=unstable_if action=reinterpret pc=0x0000000003971d60 method=com.sun.tools.javac.code.Types$18.visitClassType(Lcom/sun/tools/javac/code/Type$ClassType;Ljava/lang/Void;)Lcom/sun/tools/javac/code/Type; @ 75
Event: 13.809 Thread 0x00000000025fd800 Uncommon trap: reason=unstable_if action=reinterpret pc=0x00000000039539dc method=com.sun.tools.javac.code.Types$18.visitClassType(Lcom/sun/tools/javac/code/Type$ClassType;Ljava/lang/Void;)Lcom/sun/tools/javac/code/Type; @ 75
Event: 13.809 Thread 0x00000000025fd800 Uncommon trap: reason=bimorphic action=maybe_recompile pc=0x0000000003755ca8 method=com.sun.tools.javac.code.Types$UnaryVisitor.visit(Lcom/sun/tools/javac/code/Type;)Ljava/lang/Object; @ 3
Event: 13.809 Thread 0x00000000025fd800 Uncommon trap: reason=bimorphic action=maybe_recompile pc=0x00000000039e835c method=com.sun.tools.javac.code.Types$19.visitClassType(Lcom/sun/tools/javac/code/Type$ClassType;Ljava/lang/Void;)Lcom/sun/tools/javac/util/List; @ 46
Event: 13.809 Thread 0x00000000025fd800 Uncommon trap: reason=bimorphic action=maybe_recompile pc=0x00000000039a786c method=com.sun.tools.javac.code.Types$4.visitClassType(Lcom/sun/tools/javac/code/Type$ClassType;Lcom/sun/tools/javac/code/Type;)Ljava/lang/Boolean; @ 77
Event: 13.809 Thread 0x00000000025fd800 Uncommon trap: reason=bimorphic action=maybe_recompile pc=0x0000000003755ca8 method=com.sun.tools.javac.code.Types$UnaryVisitor.visit(Lcom/sun/tools/javac/code/Type;)Ljava/lang/Object; @ 3
Event: 13.809 Thread 0x00000000025fd800 Uncommon trap: reason=bimorphic action=maybe_recompile pc=0x00000000039a786c method=com.sun.tools.javac.code.Types$4.visitClassType(Lcom/sun/tools/javac/code/Type$ClassType;Lcom/sun/tools/javac/code/Type;)Ljava/lang/Boolean; @ 77
Event: 13.902 Thread 0x00000000025fd800 Uncommon trap: reason=unstable_if action=reinterpret pc=0x000000000325b918 method=com.sun.tools.javac.util.ListBuffer.append(Ljava/lang/Object;)Lcom/sun/tools/javac/util/ListBuffer; @ 9
Event: 13.917 Thread 0x00000000025fd800 Uncommon trap: reason=unstable_if action=reinterpret pc=0x0000000003ac0184 method=com.sun.tools.javac.jvm.Pool.makePoolValue(Ljava/lang/Object;)Ljava/lang/Object; @ 73

Internal exceptions (10 events):
Event: 3.679 Thread 0x00000000025fd800 Implicit null exception at 0x0000000002b3a356 to 0x0000000002b3a6f9
Event: 5.566 Thread 0x00000000025fd800 Implicit null exception at 0x00000000031179f7 to 0x0000000003117c41
Event: 6.272 Thread 0x00000000025fd800 Implicit null exception at 0x00000000031c3ee0 to 0x00000000031c4411
Event: 7.481 Thread 0x00000000025fd800 Implicit null exception at 0x0000000002cdd815 to 0x0000000002cdd9e5
Event: 7.482 Thread 0x00000000025fd800 Implicit null exception at 0x0000000002cdbe6f to 0x0000000002cdbed9
Event: 7.850 Thread 0x00000000025fd800 Implicit null exception at 0x00000000033225ad to 0x0000000003323271
Event: 8.246 Thread 0x00000000025fd800 Implicit null exception at 0x0000000003265274 to 0x00000000032656b5
Event: 9.114 Thread 0x00000000025fd800 Exception <a 'java/lang/ClassNotFoundException': com/sun/tools/javac/api/JavacTool> (0x00000000d68639c8) thrown at [C:\re\workspace\8-2-build-windows-amd64-cygwin\jdk8u121\8372\hotspot\src\share\vm\classfile\systemDictionary.cpp, line 210]
Event: 11.083 Thread 0x00000000025fd800 Exception <a 'java/io/FileNotFoundException'> (0x00000000d5b9ddb0) thrown at [C:\re\workspace\8-2-build-windows-amd64-cygwin\jdk8u121\8372\hotspot\src\share\vm\prims\jni.cpp, line 709]
Event: 11.160 Thread 0x00000000025fd800 Exception <a 'java/io/FileNotFoundException'> (0x00000000d5bd26a8) thrown at [C:\re\workspace\8-2-build-windows-amd64-cygwin\jdk8u121\8372\hotspot\src\share\vm\prims\jni.cpp, line 709]

Events (10 events):
Event: 13.902 Thread 0x00000000025fd800 Uncommon trap: trap_request=0xffffff65 fr.pc=0x000000000325b918
Event: 13.902 Thread 0x00000000025fd800 DEOPT PACKING pc=0x000000000325b918 sp=0x00000000026fcf50
Event: 13.902 Thread 0x00000000025fd800 DEOPT UNPACKING pc=0x000000000298582a sp=0x00000000026fcef0 mode 2
Event: 13.917 Thread 0x00000000025fd800 Uncommon trap: trap_request=0xffffff65 fr.pc=0x0000000003ac0184
Event: 13.917 Thread 0x00000000025fd800 DEOPT PACKING pc=0x0000000003ac0184 sp=0x00000000026fd270
Event: 13.917 Thread 0x00000000025fd800 DEOPT UNPACKING pc=0x000000000298582a sp=0x00000000026fd218 mode 2
Event: 13.926 Executing VM operation: ForceSafepoint
Event: 13.926 Executing VM operation: ForceSafepoint done
Event: 14.080 Thread 0x00000000025fd800 DEOPT PACKING pc=0x00000000030f75e2 sp=0x00000000026f4790
Event: 14.080 Thread 0x00000000025fd800 DEOPT UNPACKING pc=0x000000000298787f sp=0x00000000026f4508 mode 0


Dynamic libraries:
0x00007ff7fa7e0000 - 0x00007ff7fa817000 	C:\Program Files\Java\jdk1.8.0_121\bin\javaw.exe
0x00007ffea5470000 - 0x00007ffea5665000 	C:\Windows\SYSTEM32\ntdll.dll
0x00007ffea4fe0000 - 0x00007ffea509d000 	C:\Windows\System32\KERNEL32.DLL
0x00007ffea2eb0000 - 0x00007ffea3179000 	C:\Windows\System32\KERNELBASE.dll
0x00007ffea4d70000 - 0x00007ffea4e1c000 	C:\Windows\System32\ADVAPI32.dll
0x00007ffea4e20000 - 0x00007ffea4ebe000 	C:\Windows\System32\msvcrt.dll
0x00007ffea52d0000 - 0x00007ffea536b000 	C:\Windows\System32\sechost.dll
0x00007ffea34e0000 - 0x00007ffea360a000 	C:\Windows\System32\RPCRT4.dll
0x00007ffea4bd0000 - 0x00007ffea4d70000 	C:\Windows\System32\USER32.dll
0x00007ffea31b0000 - 0x00007ffea31d2000 	C:\Windows\System32\win32u.dll
0x00007ffea3c70000 - 0x00007ffea3c9a000 	C:\Windows\System32\GDI32.dll
0x00007ffea33d0000 - 0x00007ffea34db000 	C:\Windows\System32\gdi32full.dll
0x00007ffea2bb0000 - 0x00007ffea2c4d000 	C:\Windows\System32\msvcp_win.dll
0x00007ffea2ca0000 - 0x00007ffea2da0000 	C:\Windows\System32\ucrtbase.dll
0x00007ffe8d180000 - 0x00007ffe8d41a000 	C:\Windows\WinSxS\amd64_microsoft.windows.common-controls_6595b64144ccf1df_6.0.19041.1110_none_60b5254171f9507e\COMCTL32.dll
0x00007ffea3b70000 - 0x00007ffea3ba0000 	C:\Windows\System32\IMM32.DLL
0x000000005ffb0000 - 0x0000000060082000 	C:\Program Files\Java\jdk1.8.0_121\jre\bin\msvcr100.dll
0x000000005f710000 - 0x000000005ffab000 	C:\Program Files\Java\jdk1.8.0_121\jre\bin\server\jvm.dll
0x00007ffea5250000 - 0x00007ffea5258000 	C:\Windows\System32\PSAPI.DLL
0x00007ffe9e640000 - 0x00007ffe9e649000 	C:\Windows\SYSTEM32\WSOCK32.dll
0x00007ffea5260000 - 0x00007ffea52cb000 	C:\Windows\System32\WS2_32.dll
0x00007ffe98a50000 - 0x00007ffe98a77000 	C:\Windows\SYSTEM32\WINMM.dll
0x00007ffe9a2e0000 - 0x00007ffe9a2ea000 	C:\Windows\SYSTEM32\VERSION.dll
0x000000005f700000 - 0x000000005f70f000 	C:\Program Files\Java\jdk1.8.0_121\jre\bin\verify.dll
0x000000005f6d0000 - 0x000000005f6f9000 	C:\Program Files\Java\jdk1.8.0_121\jre\bin\java.dll
0x000000005f6b0000 - 0x000000005f6c6000 	C:\Program Files\Java\jdk1.8.0_121\jre\bin\zip.dll
0x00007ffea4090000 - 0x00007ffea47cf000 	C:\Windows\System32\SHELL32.dll
0x00007ffea0d00000 - 0x00007ffea1491000 	C:\Windows\SYSTEM32\windows.storage.dll
0x00007ffea3d30000 - 0x00007ffea4085000 	C:\Windows\System32\combase.dll
0x00007ffea25b0000 - 0x00007ffea25dc000 	C:\Windows\SYSTEM32\Wldp.dll
0x00007ffea4960000 - 0x00007ffea4a0e000 	C:\Windows\System32\SHCORE.dll
0x00007ffea53d0000 - 0x00007ffea5425000 	C:\Windows\System32\shlwapi.dll
0x00007ffea2af0000 - 0x00007ffea2b0f000 	C:\Windows\SYSTEM32\profapi.dll
0x00007ffea24f0000 - 0x00007ffea2508000 	C:\Windows\SYSTEM32\CRYPTSP.dll
0x00007ffea1cb0000 - 0x00007ffea1ce4000 	C:\Windows\system32\rsaenh.dll
0x00007ffea3180000 - 0x00007ffea31a7000 	C:\Windows\System32\bcrypt.dll
0x00007ffea2a70000 - 0x00007ffea2a9e000 	C:\Windows\SYSTEM32\USERENV.dll
0x00007ffea3340000 - 0x00007ffea33c3000 	C:\Windows\System32\bcryptprimitives.dll
0x00007ffea2510000 - 0x00007ffea251c000 	C:\Windows\SYSTEM32\CRYPTBASE.dll
0x000000005f680000 - 0x000000005f69a000 	C:\Program Files\Java\jdk1.8.0_121\jre\bin\net.dll
0x00007ffea2310000 - 0x00007ffea237a000 	C:\Windows\system32\mswsock.dll
0x00007ffea2000000 - 0x00007ffea203b000 	C:\Windows\SYSTEM32\IPHLPAPI.DLL
0x00007ffea4bc0000 - 0x00007ffea4bc8000 	C:\Windows\System32\NSI.dll
0x00007ffe9b6b0000 - 0x00007ffe9b6c7000 	C:\Windows\SYSTEM32\dhcpcsvc6.DLL
0x00007ffe9b690000 - 0x00007ffe9b6ad000 	C:\Windows\SYSTEM32\dhcpcsvc.DLL
0x00007ffea2040000 - 0x00007ffea210c000 	C:\Windows\SYSTEM32\DNSAPI.dll
0x000000005f660000 - 0x000000005f671000 	C:\Program Files\Java\jdk1.8.0_121\jre\bin\nio.dll
0x00007ffe91730000 - 0x00007ffe9173a000 	C:\Users\admin\AppData\Local\Temp\jansi-1.17.1-7124839926826191026.dll

VM Arguments:
jvm_args: -Dmaven.home=EMBEDDED -Dclassworlds.conf=E:\SCM_WS_S\.metadata\.plugins\org.eclipse.m2e.launching\launches\m2conf11115035885001766191.tmp -Dmaven.multiModuleProjectDirectory=E:\SCM_WS_S\Smass_v0_2_4.zip_expanded\Smaas -Djansi.force=true -Djansi.passthrough=true -Dfile.encoding=Cp1252 
java_command: org.codehaus.plexus.classworlds.launcher.Launcher -B install -Dstyle.color=always
java_class_path (initial): E:\Software\sts-4.8.1.RELEASE\plugins\org.eclipse.m2e.maven.runtime_1.16.0.20200610-1735\jars\plexus-classworlds-2.6.0.jar
Launcher Type: SUN_STANDARD

Environment Variables:
JAVA_HOME=C:\Program Files\Java\jdk1.8.0_121
JRE_HOME=C:\Program Files\Java\jre1.8.0_121
PATH=E:/Software/sts-4.8.1.RELEASE//plugins/org.eclipse.justj.openjdk.hotspot.jre.full.win32.x86_64_15.0.0.v20201014-1246/jre/bin/server;E:/Software/sts-4.8.1.RELEASE//plugins/org.eclipse.justj.openjdk.hotspot.jre.full.win32.x86_64_15.0.0.v20201014-1246/jre/bin;C:\ProgramData\Oracle\Java\javapath;C:\Windows\system32;C:\Windows;C:\Windows\System32\Wbem;C:\Windows\System32\WindowsPowerShell\v1.0\;C:\Windows\System32\OpenSSH\;C:\Users\admin\AppData\Local\Programs\Python\Python39;%ZOOKEEPER_HOME%\bin;%JAVA_HOME%\bin;%JRE_HOME%\bin;C:\Program Files\MongoDB\Server\4.2\bin;E:\Software\sts-4.8.1.RELEASE;
USERNAME=admin
OS=Windows_NT
PROCESSOR_IDENTIFIER=Intel64 Family 6 Model 85 Stepping 7, GenuineIntel



---------------  S Y S T E M  ---------------

OS: Windows 10.0 , 64 bit Build 19041 (10.0.19041.1023)

CPU:total 2 (1 cores per cpu, 1 threads per core) family 6 model 85 stepping 7, cmov, cx8, fxsr, mmx, sse, sse2, sse3, ssse3, sse4.1, sse4.2, popcnt, avx, avx2, aes, clmul, erms, rtm, 3dnowpref, lzcnt, tsc, tscinvbit, bmi1, bmi2, adx

Memory: 4k page, physical 8387564k(2212728k free), swap 14861976k(3064k free)

vm_info: Java HotSpot(TM) 64-Bit Server VM (25.121-b13) for windows-amd64 JRE (1.8.0_121-b13), built on Dec 12 2016 18:21:36 by "java_re" with MS VC++ 10.0 (VS2010)

time: Mon Jul 26 20:20:35 2021
elapsed time: 14 seconds (0d 0h 0m 14s)

